TN:
SF:src/models.ts
FN:1,(anonymous_0)
FN:9,(anonymous_1)
FNF:2
FNH:2
FNDA:1,(anonymous_0)
FNDA:1,(anonymous_1)
DA:1,1
DA:2,1
DA:3,1
DA:4,1
DA:5,1
DA:9,1
DA:10,1
DA:11,1
DA:12,1
LF:9
LH:9
BRDA:1,0,0,1
BRDA:1,0,1,1
BRDA:9,1,0,1
BRDA:9,1,1,1
BRF:4
BRH:4
end_of_record
TN:
SF:src/processor.ts
FN:10,(anonymous_0)
FN:15,(anonymous_1)
FN:19,(anonymous_2)
FN:23,(anonymous_3)
FN:28,(anonymous_4)
FN:34,(anonymous_5)
FN:35,(anonymous_6)
FN:36,(anonymous_7)
FN:43,(anonymous_8)
FN:47,(anonymous_9)
FN:48,(anonymous_10)
FN:51,(anonymous_11)
FN:66,(anonymous_12)
FNF:13
FNH:13
FNDA:1,(anonymous_0)
FNDA:1,(anonymous_1)
FNDA:1,(anonymous_2)
FNDA:1,(anonymous_3)
FNDA:1,(anonymous_4)
FNDA:7,(anonymous_5)
FNDA:7,(anonymous_6)
FNDA:7,(anonymous_7)
FNDA:1,(anonymous_8)
FNDA:1,(anonymous_9)
FNDA:1,(anonymous_10)
FNDA:1,(anonymous_11)
FNDA:1,(anonymous_12)
DA:1,1
DA:10,1
DA:11,1
DA:12,1
DA:13,1
DA:16,1
DA:20,1
DA:24,1
DA:32,1
DA:34,7
DA:35,7
DA:36,7
DA:44,1
DA:46,1
DA:47,1
DA:48,1
DA:55,1
DA:56,0
DA:57,0
DA:60,1
DA:61,1
DA:62,1
DA:64,1
DA:66,1
DA:71,1
LF:25
LH:23
BRDA:55,0,0,0
BRDA:55,1,0,1
BRDA:55,1,1,1
BRDA:55,1,2,1
BRF:4
BRH:3
end_of_record
